<?xml version="1.0" encoding="UTF-8"?>
<testng-results ignored="0" total="1" passed="1" failed="0" skipped="0">
  <reporter-output>
  </reporter-output>
  <suite started-at="2026-01-14T11:25:56 ICT" name="Selenium Sample Suite" finished-at="2026-01-14T11:26:00 ICT" duration-ms="3716">
    <groups>
    </groups>
    <test started-at="2026-01-14T11:25:56 ICT" name="Google Test" finished-at="2026-01-14T11:26:00 ICT" duration-ms="3716">
      <class name="com.log.selenium.GoogleTest">
        <test-method is-config="true" signature="setUp()[pri:0, instance:com.log.selenium.GoogleTest@6e0f5f7f]" started-at="2026-01-14T11:25:56 ICT" name="setUp" finished-at="2026-01-14T11:25:58 ICT" duration-ms="1966" status="PASS">
          <reporter-output>
          </reporter-output>
        </test-method> <!-- setUp -->
        <test-method signature="verifyGoogleTitle()[pri:0, instance:com.log.selenium.GoogleTest@6e0f5f7f]" started-at="2026-01-14T11:25:58 ICT" name="verifyGoogleTitle" finished-at="2026-01-14T11:26:00 ICT" duration-ms="1656" status="PASS">
          <reporter-output>
          </reporter-output>
        </test-method> <!-- verifyGoogleTitle -->
        <test-method is-config="true" signature="tearDown()[pri:0, instance:com.log.selenium.GoogleTest@6e0f5f7f]" started-at="2026-01-14T11:26:00 ICT" name="tearDown" finished-at="2026-01-14T11:26:00 ICT" duration-ms="84" status="PASS">
          <reporter-output>
          </reporter-output>
        </test-method> <!-- tearDown -->
      </class> <!-- com.log.selenium.GoogleTest -->
    </test> <!-- Google Test -->
  </suite> <!-- Selenium Sample Suite -->
</testng-results>
