<?xml version="1.0" encoding="UTF-8"?>
<!-- Generated by org.testng.reporters.JUnitXMLReporter -->
<testsuite ignored="0" hostname="Admin.local" failures="1" tests="1" name="Google Test" time="3.377" errors="0" timestamp="2026-01-14T10:15:42 ICT">
  <testcase classname="com.log.selenium.GoogleTest" name="verifyGoogleTitle" time="0.938">
    <failure type="java.lang.AssertionError" message="expected [Google999] but found [Google]">
      <![CDATA[java.lang.AssertionError: expected [Google999] but found [Google]
at com.log.selenium.GoogleTest.verifyGoogleTitle(GoogleTest.java:12)
at java.base/java.util.ArrayList.forEach(ArrayList.java:1511)
... Removed 37 stack frames]]>
    </failure>
  </testcase> <!-- verifyGoogleTitle -->
</testsuite> <!-- Google Test -->
